<?xml version="1.0" encoding="UTF-8" standalone="yes"?>
<testsuites time="0.501" tests="3" failures="2" errors="1">
    <testsuite tests="3" failures="2" errors="1" time="0.501" timestamp="2018-04-06T15:12:41">
        <properties>
[...]
</properties>
        <testcase name="PongPongModelAdvanced" time="0.167" classname="com.mbt.PongPongModelAdvanced">
            <error type="java.lang.AssertionError" message="expected:&lt;1&gt; but was:&lt;0&gt;">
                java.lang.AssertionError: expected:&lt;1&gt; but was:&lt;0&gt;
                	at org.junit.Assert.fail(Assert.java:88)
                	at org.junit.Assert.failNotEquals(Assert.java:834)
                	at org.junit.Assert.assertEquals(Assert.java:645)
                	at org.junit.Assert.assertEquals(Assert.java:631)
                	at com.mbt.PongPongModelAdvanced.e_addFile(PongPongModelAdvanced.java:97)
                	at jdk.nashorn.internal.scripts.Script$Recompilation$19$580$\^eval\_.e_addFile(&lt;eval&gt;:1)
                	at jdk.nashorn.internal.scripts.Script$18$\^eval\_.:program(&lt;eval&gt;:1)
                	at jdk.nashorn.internal.runtime.ScriptFunctionData.invoke(ScriptFunctionData.java:637)
                	at jdk.nashorn.internal.runtime.ScriptFunction.invoke(ScriptFunction.java:494)
                	at jdk.nashorn.internal.runtime.ScriptRuntime.apply(ScriptRuntime.java:393)
                	at jdk.nashorn.api.scripting.NashornScriptEngine.evalImpl(NashornScriptEngine.java:449)
                	at jdk.nashorn.api.scripting.NashornScriptEngine.evalImpl(NashornScriptEngine.java:406)
                	at jdk.nashorn.api.scripting.NashornScriptEngine.evalImpl(NashornScriptEngine.java:402)
                	at jdk.nashorn.api.scripting.NashornScriptEngine.eval(NashornScriptEngine.java:155)
                	at javax.script.AbstractScriptEngine.eval(AbstractScriptEngine.java:264)
                	at org.graphwalker.core.machine.ExecutionContext.execute(ExecutionContext.java:300)
                	at org.graphwalker.core.machine.SimpleMachine.execute(SimpleMachine.java:278)
                	at org.graphwalker.core.machine.SimpleMachine.execute(SimpleMachine.java:267)
                	at org.graphwalker.core.machine.SimpleMachine.getNextStep(SimpleMachine.java:105)
                	at org.graphwalker.java.test.TestExecutor.execute(TestExecutor.java:199)
                	at sun.reflect.NativeMethodAccessorImpl.invoke0(Native Method)
                	at sun.reflect.NativeMethodAccessorImpl.invoke(NativeMethodAccessorImpl.java:62)
                	at sun.reflect.DelegatingMethodAccessorImpl.invoke(DelegatingMethodAccessorImpl.java:43)
                	at java.lang.reflect.Method.invoke(Method.java:498)
                	at org.graphwalker.java.test.Reflections.invoke(Reflections.java:74)
                	at org.graphwalker.java.test.Reflector.execute(Reflector.java:125)
                	at org.graphwalker.maven.plugin.TestMojo.execute(TestMojo.java:153)
                	at org.apache.maven.plugin.DefaultBuildPluginManager.executeMojo(DefaultBuildPluginManager.java:134)
                	at org.apache.maven.lifecycle.internal.MojoExecutor.execute(MojoExecutor.java:208)
                	at org.apache.maven.lifecycle.internal.MojoExecutor.execute(MojoExecutor.java:154)
                	at org.apache.maven.lifecycle.internal.MojoExecutor.execute(MojoExecutor.java:146)
                	at org.apache.maven.lifecycle.internal.LifecycleModuleBuilder.buildProject(LifecycleModuleBuilder.java:117)
                	at org.apache.maven.lifecycle.internal.LifecycleModuleBuilder.buildProject(LifecycleModuleBuilder.java:81)
                	at org.apache.maven.lifecycle.internal.builder.singlethreaded.SingleThreadedBuilder.build(SingleThreadedBuilder.java:51)
                	at org.apache.maven.lifecycle.internal.LifecycleStarter.execute(LifecycleStarter.java:128)
                	at org.apache.maven.DefaultMaven.doExecute(DefaultMaven.java:309)
                	at org.apache.maven.DefaultMaven.doExecute(DefaultMaven.java:194)
                	at org.apache.maven.DefaultMaven.execute(DefaultMaven.java:107)
                	at org.apache.maven.cli.MavenCli.execute(MavenCli.java:955)
                	at org.apache.maven.cli.MavenCli.doMain(MavenCli.java:290)
                	at org.apache.maven.cli.MavenCli.main(MavenCli.java:194)
                	at sun.reflect.NativeMethodAccessorImpl.invoke0(Native Method)
                	at sun.reflect.NativeMethodAccessorImpl.invoke(NativeMethodAccessorImpl.java:62)
                	at sun.reflect.DelegatingMethodAccessorImpl.invoke(DelegatingMethodAccessorImpl.java:43)
                	at java.lang.reflect.Method.invoke(Method.java:498)
                	at org.codehaus.plexus.classworlds.launcher.Launcher.launchEnhanced(Launcher.java:289)
                	at org.codehaus.plexus.classworlds.launcher.Launcher.launch(Launcher.java:229)
                	at org.codehaus.plexus.classworlds.launcher.Launcher.mainWithExitCode(Launcher.java:415)
                	at org.codehaus.plexus.classworlds.launcher.Launcher.main(Launcher.java:356)
</error>
        </testcase>
        <testcase name="PongPongModelDual" time="0.167" classname="com.mbt.PongPongModelDual">
            <failure type="Not fulfilled" message="0"/>
        </testcase>
        <testcase name="PongPongModel" time="0.167" classname="com.mbt.PongPongModel">
            <failure type="Not fulfilled" message="0"/>
        </testcase>
    </testsuite>
</testsuites>
